2019-09-22 08:51:33,240 [main] INFO nopCommerce - ******Launching browser************
2019-09-22 08:51:33,274 [main] INFO nopCommerce - ******Launching URL************
2019-09-22 08:51:34,299 [main] INFO nopCommerce - ******Providing Login Details************
2019-09-22 08:51:34,611 [main] INFO nopCommerce - ******Started login process************
2019-09-22 08:51:50,325 [main] INFO nopCommerce - ******Adding new Customer************
2019-09-22 08:51:57,292 [main] INFO nopCommerce - ******Saving customer Data************
2019-09-22 08:51:58,663 [main] INFO nopCommerce - ******closing browser************
2019-09-22 08:52:02,725 [main] INFO nopCommerce - ******Launching browser************
2019-09-22 08:52:02,727 [main] INFO nopCommerce - ******Launching URL************
2019-09-22 08:52:03,705 [main] INFO nopCommerce - ******Providing Login Details************
2019-09-22 08:52:03,935 [main] INFO nopCommerce - ******Started login process************
2019-09-22 08:56:44,148 [main] INFO nopCommerce - ******Launching browser************
2019-09-22 08:56:44,176 [main] INFO nopCommerce - ******Launching URL************
2019-09-22 08:56:45,237 [main] INFO nopCommerce - ******Providing Login Details************
2019-09-22 08:56:45,501 [main] INFO nopCommerce - ******Started login process************
2019-09-22 08:57:00,067 [main] INFO nopCommerce - ******Adding new Customer************
2019-09-22 08:57:07,035 [main] INFO nopCommerce - ******Saving customer Data************
2019-09-22 08:57:08,776 [main] INFO nopCommerce - ******closing browser************
2019-09-22 08:57:12,838 [main] INFO nopCommerce - ******Launching browser************
2019-09-22 08:57:12,840 [main] INFO nopCommerce - ******Launching URL************
2019-09-22 08:57:13,860 [main] INFO nopCommerce - ******Providing Login Details************
2019-09-22 08:57:14,145 [main] INFO nopCommerce - ******Started login process************
2019-09-22 08:57:24,686 [main] INFO nopCommerce - ******Searching a customer by EMail************
2019-09-22 08:57:28,395 [main] INFO nopCommerce - ******closing browser************
2019-09-22 08:57:32,519 [main] INFO nopCommerce - ******Launching browser************
2019-09-22 08:57:32,520 [main] INFO nopCommerce - ******Launching URL************
2019-09-22 08:57:33,612 [main] INFO nopCommerce - ******Providing Login Details************
2019-09-22 08:57:33,838 [main] INFO nopCommerce - ******Started login process************
2019-09-22 08:57:44,783 [main] INFO nopCommerce - ******Searching customer by name************
2019-09-22 08:57:48,424 [main] INFO nopCommerce - ******closing browser************
2019-09-22 08:57:52,566 [main] INFO nopCommerce - ******Launching browser************
2019-09-22 08:57:52,571 [main] INFO nopCommerce - ******Launching URL************
2019-09-22 08:57:53,567 [main] INFO nopCommerce - ******Providing Login Details************
2019-09-22 08:57:53,853 [main] INFO nopCommerce - ******Started login process************
2019-09-22 08:57:56,862 [main] INFO nopCommerce - ******Login Failed************
2019-09-22 08:57:59,903 [main] INFO nopCommerce - ******Logout************
2019-09-22 08:58:00,960 [main] INFO nopCommerce - ******Login Failed************
2019-09-22 08:58:00,965 [main] INFO nopCommerce - ******closing browser************
2019-09-22 08:58:05,127 [main] INFO nopCommerce - ******Launching browser************
2019-09-22 08:58:05,132 [main] INFO nopCommerce - ******Launching URL************
2019-09-22 08:58:06,655 [main] INFO nopCommerce - ******Providing Login Details************
2019-09-22 08:58:06,903 [main] INFO nopCommerce - ******Started login process************
2019-09-22 08:58:11,782 [main] INFO nopCommerce - ******Login Failed************
2019-09-22 08:58:14,966 [main] INFO nopCommerce - ******Logout************
2019-09-22 08:58:15,764 [main] INFO nopCommerce - ******Login Failed************
2019-09-22 08:58:15,782 [main] INFO nopCommerce - ******closing browser************
2019-09-22 08:58:19,927 [main] INFO nopCommerce - ******Launching browser************
2019-09-22 08:58:19,929 [main] INFO nopCommerce - ******Launching URL************
2019-09-22 08:58:20,669 [main] INFO nopCommerce - ******Providing Login Details************
2019-09-22 08:58:21,159 [main] INFO nopCommerce - ******Started login process************
2019-09-22 08:58:22,035 [main] INFO nopCommerce - ******Login Passed************
2019-09-22 12:04:19,838 [main] INFO nopCommerce - ******Launching browser************
2019-09-22 12:04:19,869 [main] INFO nopCommerce - ******Launching URL************
2019-09-22 12:04:20,890 [main] INFO nopCommerce - ******Providing Login Details************
2019-09-22 12:04:21,117 [main] INFO nopCommerce - ******Started login process************
2019-09-22 12:04:34,601 [main] INFO nopCommerce - ******Adding new Customer************
2019-09-22 12:04:41,529 [main] INFO nopCommerce - ******Saving customer Data************
2019-09-22 12:04:42,755 [main] INFO nopCommerce - ******closing browser************
2019-09-22 12:04:46,796 [main] INFO nopCommerce - ******Launching browser************
2019-09-22 12:04:46,798 [main] INFO nopCommerce - ******Launching URL************
2019-09-22 12:04:47,747 [main] INFO nopCommerce - ******Providing Login Details************
2019-09-22 12:04:48,023 [main] INFO nopCommerce - ******Started login process************
2019-09-22 12:04:58,544 [main] INFO nopCommerce - ******Searching a customer by EMail************
2019-09-22 12:05:32,206 [main] INFO nopCommerce - ******Launching browser************
2019-09-22 12:05:32,208 [main] INFO nopCommerce - ******Launching URL************
2019-09-22 12:05:33,204 [main] INFO nopCommerce - ******Providing Login Details************
2019-09-22 12:05:33,478 [main] INFO nopCommerce - ******Started login process************
2019-09-22 12:05:43,461 [main] INFO nopCommerce - ******Searching customer by name************
2019-09-22 12:10:52,033 [main] INFO nopCommerce - ******Launching browser************
2019-09-22 12:10:52,083 [main] INFO nopCommerce - ******Launching URL************
2019-09-22 12:10:53,435 [main] INFO nopCommerce - ******Providing Login Details************
2019-09-22 12:10:53,937 [main] INFO nopCommerce - ******Started login process************
2019-09-22 12:11:07,362 [main] INFO nopCommerce - ******Adding new Customer************
2019-09-22 12:11:14,303 [main] INFO nopCommerce - ******Saving customer Data************
2019-09-22 12:11:15,618 [main] INFO nopCommerce - ******closing browser************
2019-09-22 12:11:19,573 [main] INFO nopCommerce - ******Launching browser************
2019-09-22 12:11:19,573 [main] INFO nopCommerce - ******Launching URL************
2019-09-22 12:11:20,597 [main] INFO nopCommerce - ******Providing Login Details************
2019-09-22 12:11:20,917 [main] INFO nopCommerce - ******Started login process************
2019-09-22 12:11:30,599 [main] INFO nopCommerce - ******Searching a customer by EMail************
2019-09-22 12:12:04,852 [main] INFO nopCommerce - ******Launching browser************
2019-09-22 12:12:04,852 [main] INFO nopCommerce - ******Launching URL************
2019-09-22 12:12:05,907 [main] INFO nopCommerce - ******Providing Login Details************
2019-09-22 12:12:06,250 [main] INFO nopCommerce - ******Started login process************
2019-09-22 12:12:16,459 [main] INFO nopCommerce - ******Searching customer by name************
2019-09-22 12:13:21,745 [main] INFO nopCommerce - ******Launching browser************
2019-09-22 12:13:21,792 [main] INFO nopCommerce - ******Launching URL************
2019-09-22 12:13:22,845 [main] INFO nopCommerce - ******Providing Login Details************
2019-09-22 12:13:23,159 [main] INFO nopCommerce - ******Started login process************
2019-09-22 12:13:36,497 [main] INFO nopCommerce - ******Adding new Customer************
2019-09-22 12:13:43,438 [main] INFO nopCommerce - ******Saving customer Data************
2019-09-22 12:13:44,767 [main] INFO nopCommerce - ******closing browser************
2019-09-22 12:13:48,781 [main] INFO nopCommerce - ******Launching browser************
2019-09-22 12:13:48,781 [main] INFO nopCommerce - ******Launching URL************
2019-09-22 12:13:49,714 [main] INFO nopCommerce - ******Providing Login Details************
2019-09-22 12:13:49,941 [main] INFO nopCommerce - ******Started login process************
2019-09-22 12:13:59,504 [main] INFO nopCommerce - ******Searching a customer by EMail************
2019-09-22 12:14:33,147 [main] INFO nopCommerce - ******Launching browser************
2019-09-22 12:14:33,149 [main] INFO nopCommerce - ******Launching URL************
2019-09-22 12:14:34,129 [main] INFO nopCommerce - ******Providing Login Details************
2019-09-22 12:14:34,419 [main] INFO nopCommerce - ******Started login process************
2019-09-22 12:14:43,945 [main] INFO nopCommerce - ******Searching customer by name************
2019-09-22 12:17:10,906 [main] INFO nopCommerce - ******Launching browser************
2019-09-22 12:17:10,941 [main] INFO nopCommerce - ******Launching URL************
2019-09-22 12:17:11,926 [main] INFO nopCommerce - ******Providing Login Details************
2019-09-22 12:17:12,295 [main] INFO nopCommerce - ******Started login process************
2019-09-22 12:17:25,572 [main] INFO nopCommerce - ******Adding new Customer************
2019-09-22 12:17:32,487 [main] INFO nopCommerce - ******Saving customer Data************
2019-09-22 12:17:33,514 [main] INFO nopCommerce - ******closing browser************
2019-09-22 12:17:37,488 [main] INFO nopCommerce - ******Launching browser************
2019-09-22 12:17:37,491 [main] INFO nopCommerce - ******Launching URL************
2019-09-22 12:17:38,428 [main] INFO nopCommerce - ******Providing Login Details************
2019-09-22 12:17:38,732 [main] INFO nopCommerce - ******Started login process************
2019-09-22 12:17:47,998 [main] INFO nopCommerce - ******Searching a customer by EMail************
2019-09-22 12:18:21,610 [main] INFO nopCommerce - ******Launching browser************
2019-09-22 12:18:21,612 [main] INFO nopCommerce - ******Launching URL************
2019-09-22 12:18:22,479 [main] INFO nopCommerce - ******Providing Login Details************
2019-09-22 12:18:22,710 [main] INFO nopCommerce - ******Started login process************
2019-09-22 12:18:32,518 [main] INFO nopCommerce - ******Searching customer by name************
2019-09-22 12:20:13,441 [main] INFO nopCommerce - ******Launching browser************
2019-09-22 12:20:13,470 [main] INFO nopCommerce - ******Launching URL************
2019-09-22 12:20:14,483 [main] INFO nopCommerce - ******Providing Login Details************
2019-09-22 12:20:14,743 [main] INFO nopCommerce - ******Started login process************
2019-09-22 12:20:28,631 [main] INFO nopCommerce - ******Adding new Customer************
2019-09-22 12:20:35,541 [main] INFO nopCommerce - ******Saving customer Data************
2019-09-22 12:20:36,908 [main] INFO nopCommerce - ******closing browser************
2019-09-22 12:20:40,929 [main] INFO nopCommerce - ******Launching browser************
2019-09-22 12:20:40,931 [main] INFO nopCommerce - ******Launching URL************
2019-09-22 12:20:41,900 [main] INFO nopCommerce - ******Providing Login Details************
2019-09-22 12:20:42,113 [main] INFO nopCommerce - ******Started login process************
2019-09-22 12:20:51,769 [main] INFO nopCommerce - ******Searching a customer by EMail************
2019-09-22 12:21:19,771 [main] INFO nopCommerce - ******Launching browser************
2019-09-22 12:21:19,774 [main] INFO nopCommerce - ******Launching URL************
2019-09-22 12:21:20,748 [main] INFO nopCommerce - ******Providing Login Details************
2019-09-22 12:21:21,025 [main] INFO nopCommerce - ******Started login process************
2019-09-22 12:24:07,631 [main] INFO nopCommerce - ******Launching browser************
2019-09-22 12:24:07,678 [main] INFO nopCommerce - ******Launching URL************
2019-09-22 12:24:08,756 [main] INFO nopCommerce - ******Providing Login Details************
2019-09-22 12:24:08,893 [main] INFO nopCommerce - ******Started login process************
2019-09-22 12:24:23,452 [main] INFO nopCommerce - ******Adding new Customer************
2019-09-22 12:24:30,368 [main] INFO nopCommerce - ******Saving customer Data************
2019-09-22 12:24:32,211 [main] INFO nopCommerce - ******closing browser************
2019-09-22 12:24:36,224 [main] INFO nopCommerce - ******Launching browser************
2019-09-22 12:24:36,226 [main] INFO nopCommerce - ******Launching URL************
2019-09-22 12:24:37,252 [main] INFO nopCommerce - ******Providing Login Details************
2019-09-22 12:24:37,380 [main] INFO nopCommerce - ******Started login process************
2019-09-22 12:24:47,389 [main] INFO nopCommerce - ******Searching a customer by EMail************
2019-09-22 12:24:58,798 [main] INFO nopCommerce - ******Launching browser************
2019-09-22 12:24:58,801 [main] INFO nopCommerce - ******Launching URL************
2019-09-22 12:24:59,501 [main] INFO nopCommerce - ******Providing Login Details************
2019-09-22 12:24:59,637 [main] INFO nopCommerce - ******Started login process************
2019-09-22 12:28:38,945 [main] INFO nopCommerce - ******Launching browser************
2019-09-22 12:28:38,979 [main] INFO nopCommerce - ******Launching URL************
2019-09-22 12:28:39,909 [main] INFO nopCommerce - ******Providing Login Details************
2019-09-22 12:28:40,046 [main] INFO nopCommerce - ******Started login process************
2019-09-22 12:28:54,810 [main] INFO nopCommerce - ******Adding new Customer************
2019-09-22 12:29:01,677 [main] INFO nopCommerce - ******Saving customer Data************
2019-09-22 12:29:03,968 [main] INFO nopCommerce - ******closing browser************
2019-09-22 12:29:08,082 [main] INFO nopCommerce - ******Launching browser************
2019-09-22 12:29:08,084 [main] INFO nopCommerce - ******Launching URL************
2019-09-22 12:29:09,105 [main] INFO nopCommerce - ******Providing Login Details************
2019-09-22 12:29:09,262 [main] INFO nopCommerce - ******Started login process************
2019-09-22 12:29:19,279 [main] INFO nopCommerce - ******Searching a customer by EMail************
2019-09-22 12:29:39,231 [main] INFO nopCommerce - ******closing browser************
2019-09-22 12:29:43,235 [main] INFO nopCommerce - ******Launching browser************
2019-09-22 12:29:43,241 [main] INFO nopCommerce - ******Launching URL************
2019-09-22 12:29:44,172 [main] INFO nopCommerce - ******Providing Login Details************
2019-09-22 12:29:44,336 [main] INFO nopCommerce - ******Started login process************
2019-09-22 12:29:54,785 [main] INFO nopCommerce - ******Searching customer by name************
2019-09-22 12:30:01,290 [main] INFO nopCommerce - ******closing browser************
2019-09-22 12:34:56,780 [main] INFO nopCommerce - ******Launching browser************
2019-09-22 12:34:56,810 [main] INFO nopCommerce - ******Launching URL************
2019-09-22 12:34:57,818 [main] INFO nopCommerce - ******Providing Login Details************
2019-09-22 12:34:58,044 [main] INFO nopCommerce - ******Started login process************
2019-09-22 12:35:11,341 [main] INFO nopCommerce - ******Adding new Customer************
2019-09-22 12:35:18,226 [main] INFO nopCommerce - ******Saving customer Data************
2019-09-22 12:35:19,538 [main] INFO nopCommerce - ******closing browser************
2019-09-22 12:35:23,498 [main] INFO nopCommerce - ******Launching browser************
2019-09-22 12:35:23,501 [main] INFO nopCommerce - ******Launching URL************
2019-09-22 12:35:24,468 [main] INFO nopCommerce - ******Providing Login Details************
2019-09-22 12:35:24,693 [main] INFO nopCommerce - ******Started login process************
2019-09-22 12:35:34,348 [main] INFO nopCommerce - ******Searching customer by name************
2019-09-22 12:35:40,808 [main] INFO nopCommerce - ******closing browser************
2019-09-22 12:37:06,985 [main] INFO nopCommerce - ******Launching browser************
2019-09-22 12:37:07,032 [main] INFO nopCommerce - ******Launching URL************
2019-09-22 12:37:08,197 [main] INFO nopCommerce - ******Providing Login Details************
2019-09-22 12:37:08,652 [main] INFO nopCommerce - ******Started login process************
2019-09-22 12:37:22,308 [main] INFO nopCommerce - ******Adding new Customer************
2019-09-22 12:37:29,216 [main] INFO nopCommerce - ******Saving customer Data************
2019-09-22 12:37:30,563 [main] INFO nopCommerce - ******closing browser************
2019-09-22 12:37:34,516 [main] INFO nopCommerce - ******Launching browser************
2019-09-22 12:37:34,518 [main] INFO nopCommerce - ******Launching URL************
2019-09-22 12:37:35,505 [main] INFO nopCommerce - ******Providing Login Details************
2019-09-22 12:37:35,734 [main] INFO nopCommerce - ******Started login process************
2019-09-22 12:37:38,987 [main] INFO nopCommerce - ******Login Failed************
2019-09-22 12:37:42,049 [main] INFO nopCommerce - ******Logout************
2019-09-22 12:37:42,738 [main] INFO nopCommerce - ******Login Failed************
2019-09-22 12:37:42,745 [main] INFO nopCommerce - ******closing browser************
2019-09-22 12:45:20,293 [main] INFO nopCommerce - ******Launching browser************
2019-09-22 12:45:20,330 [main] INFO nopCommerce - ******Launching URL************
2019-09-22 12:45:21,307 [main] INFO nopCommerce - ******Providing Login Details************
2019-09-22 12:45:21,541 [main] INFO nopCommerce - ******Started login process************
2019-09-22 12:45:35,206 [main] INFO nopCommerce - ******Adding new Customer************
2019-09-22 12:45:42,131 [main] INFO nopCommerce - ******Saving customer Data************
2019-09-22 12:45:43,266 [main] INFO nopCommerce - ******closing browser************
2019-09-22 12:45:47,230 [main] INFO nopCommerce - ******Launching browser************
2019-09-22 12:45:47,230 [main] INFO nopCommerce - ******Launching URL************
2019-09-22 12:45:48,094 [main] INFO nopCommerce - ******Providing Login Details************
2019-09-22 12:45:48,322 [main] INFO nopCommerce - ******Started login process************
2019-09-22 12:45:50,816 [main] INFO nopCommerce - ******Login Failed************
2019-09-22 12:45:53,827 [main] INFO nopCommerce - ******Logout************
2019-09-22 12:45:54,789 [main] INFO nopCommerce - ******Login Failed************
2019-09-22 12:45:54,806 [main] INFO nopCommerce - ******closing browser************
2019-09-22 12:53:50,795 [main] INFO nopCommerce - ******Launching browser************
2019-09-22 12:53:50,827 [main] INFO nopCommerce - ******Launching URL************
2019-09-22 12:53:51,755 [main] INFO nopCommerce - ******Providing Login Details************
2019-09-22 12:53:51,983 [main] INFO nopCommerce - ******Started login process************
2019-09-22 12:54:05,836 [main] INFO nopCommerce - ******Adding new Customer************
2019-09-22 12:54:12,744 [main] INFO nopCommerce - ******Saving customer Data************
2019-09-22 12:54:14,198 [main] INFO nopCommerce - ******closing browser************
2019-09-22 12:54:18,189 [main] INFO nopCommerce - ******Launching browser************
2019-09-22 12:54:18,189 [main] INFO nopCommerce - ******Launching URL************
2019-09-22 12:54:19,176 [main] INFO nopCommerce - ******Providing Login Details************
2019-09-22 12:54:19,386 [main] INFO nopCommerce - ******Started login process************
2019-09-22 12:54:21,936 [main] INFO nopCommerce - ******Login Failed************
2019-09-22 12:54:24,957 [main] INFO nopCommerce - ******Logout************
2019-09-22 12:54:26,171 [main] INFO nopCommerce - ******Login Failed************
2019-09-22 12:54:26,178 [main] INFO nopCommerce - ******closing browser************
2019-09-22 12:58:02,331 [main] INFO nopCommerce - ******Launching browser************
2019-09-22 12:58:02,359 [main] INFO nopCommerce - ******Launching URL************
2019-09-22 12:58:03,323 [main] INFO nopCommerce - ******Providing Login Details************
2019-09-22 12:58:03,569 [main] INFO nopCommerce - ******Started login process************
2019-09-22 12:58:17,183 [main] INFO nopCommerce - ******Adding new Customer************
2019-09-22 12:58:24,063 [main] INFO nopCommerce - ******Saving customer Data************
2019-09-22 12:58:25,485 [main] INFO nopCommerce - ******closing browser************
2019-09-22 12:58:29,416 [main] INFO nopCommerce - ******Launching browser************
2019-09-22 12:58:29,416 [main] INFO nopCommerce - ******Launching URL************
2019-09-22 12:58:30,394 [main] INFO nopCommerce - ******Providing Login Details************
2019-09-22 12:58:30,596 [main] INFO nopCommerce - ******Started login process************
2019-09-22 12:58:32,557 [main] INFO nopCommerce - ******Login Failed************
2019-09-22 12:58:35,593 [main] INFO nopCommerce - ******Logout************
2019-09-22 12:58:36,663 [main] INFO nopCommerce - ******Login Failed************
2019-09-22 12:58:36,675 [main] INFO nopCommerce - ******closing browser************
2019-09-22 13:24:52,510 [main] INFO nopCommerce - ******Launching browser************
2019-09-22 13:24:52,544 [main] INFO nopCommerce - ******Launching URL************
2019-09-22 13:24:53,938 [main] INFO nopCommerce - ******Providing Login Details************
2019-09-22 13:24:54,188 [main] INFO nopCommerce - ******Started login process************
2019-09-22 13:25:08,098 [main] INFO nopCommerce - ******Adding new Customer************
2019-09-22 13:25:14,844 [main] INFO nopCommerce - ******Saving customer Data************
2019-09-22 13:25:16,109 [main] INFO nopCommerce - ******closing browser************
2019-09-22 13:25:20,056 [main] INFO nopCommerce - ******Launching browser************
2019-09-22 13:25:20,060 [main] INFO nopCommerce - ******Launching URL************
2019-09-22 13:25:21,016 [main] INFO nopCommerce - ******Providing Login Details************
2019-09-22 13:25:21,282 [main] INFO nopCommerce - ******Started login process************
2019-09-22 13:25:23,644 [main] INFO nopCommerce - ******Login Failed************
2019-09-22 13:25:26,660 [main] INFO nopCommerce - ******Logout************
2019-09-22 13:25:27,388 [main] INFO nopCommerce - ******Login Failed************
2019-09-22 13:25:27,393 [main] INFO nopCommerce - ******closing browser************
2019-09-22 13:25:51,556 [main] INFO nopCommerce - ******Launching browser************
2019-09-22 13:25:51,582 [main] INFO nopCommerce - ******Launching URL************
2019-09-22 13:25:52,540 [main] INFO nopCommerce - ******Providing Login Details************
2019-09-22 13:25:52,795 [main] INFO nopCommerce - ******Started login process************
2019-09-22 13:26:06,681 [main] INFO nopCommerce - ******Adding new Customer************
2019-09-22 13:26:13,553 [main] INFO nopCommerce - ******Saving customer Data************
2019-09-22 13:26:14,914 [main] INFO nopCommerce - ******closing browser************
2019-09-22 13:26:18,951 [main] INFO nopCommerce - ******Launching browser************
2019-09-22 13:26:18,953 [main] INFO nopCommerce - ******Launching URL************
2019-09-22 13:26:19,909 [main] INFO nopCommerce - ******Providing Login Details************
2019-09-22 13:26:20,210 [main] INFO nopCommerce - ******Started login process************
2019-09-22 13:26:23,341 [main] INFO nopCommerce - ******Login Failed************
2019-09-22 13:26:26,390 [main] INFO nopCommerce - ******Logout************
2019-09-22 13:26:27,388 [main] INFO nopCommerce - ******Login Failed************
2019-09-22 13:26:27,393 [main] INFO nopCommerce - ******closing browser************
